[DEBUG   ] confapp.settings_manager                 + SETTINGS: local_settings                    confapp.settings_[DEBUG   ] confapp.settings_manager                 + SETTINGS: pyforms.settings confapp.settings_manager - DEBUG -[DEBUG   ] confapp.settings_manager                 + SETTINGS: h5py._conv - DEBUG - Creating converter from 7 to 5[h5py._conv - DEBUG - Creating converter from 5 to 7
h5py._conv - DEBUG - Creating converter from 7 to 5
h5py._conv - DEBUG - Creating converter from 5 to 7
idtrackerai_app.base_idtrackerai - INFO - TENSORFLOW DEVICES: [_DeviceAttributes(/job:localhost/replica:0/task:0/device:CPU:0, CPU, 268435456, 13326607936763890271), _DeviceAt[INFO    ] idtrackerai_app.base_idtrackerai         TENSORFLOW DEVICES: [_DeviceAttributes(/job:localho/opt/conda/lib/python3.6/site-packages/pyforms_terminal/basewidget.py - DEBUG - --------- LOADING TERMINAL PARAMS ---------
/opt/conda/lib/python3.6/site-packages/pyforms_terminal/basewidget.py - DEBUG - [                       Session]: [20211215_0952_R_q1]
/opt/conda/lib/python3.6/site-packages/pyforms_terminal/basewidget.py - DEBUG - [                         Video]: [/hps/nobackup/birney/users/ian/MIKK_F2_tracking/split/novel_object/20211[DEBUG   ] /opt/con/opt/conda/lib/python3.6/site-packages/pyforms_terminal/basewidget.py - DEBUG - [Video file. Note: overwrite the _video parameter defined in the json. Nice to have to execute the applicati[DEBUG   ] /opt/conda/lib/python3.6/s/opt/conda/lib/python3.6/site-packages/pyforms_terminal/basewidget.py - DEBUG - [                     Apply ROI]: [False]
/opt/conda/lib/python3.6/site-packages/pyforms_terminal/basewidget.py - DEBUG - [                           ROI]: [None]
__main__.video - DEBUG - Video object init
__main__.video - DEBUG - Video(open_multiple_files=False)
__main__.py_utils - INFO - Setting MKL library to use single thread
__main__.segmentation_utils - DEBUG - one single video, computing bkg in parallel from single video
__main__.segmentation_utils - DEBUG - Finished parallel loop for bkg subtraction
__main__.py_utils - INFO - Setting MKL library to use multiple threads
/opt/conda/lib/python3.6/site-packages/pyforms_terminal/basewidget.py - DEBUG - [           Subtract background]: [True]
/opt/conda/lib/python3.6/site-packages/pyforms_terminal/basewidget.py - DEBUG - [            Check segmentation]: [False]
/opt/conda/lib/python3.6/site-packages/pyforms_terminal/basewidget.py - DEBUG - [          Resolution reduction]: [1.0]
/opt/conda/lib/python3.6/site-packages/pyforms_terminal/basewidget.py - DEBUG - [          Intensity thresholds]: [[0, 155]]
/opt/conda/lib/python3.6/site-packages/pyforms_terminal/basewidget.py - DEBUG - [               Area thresholds]: [[10, 1000]]
/opt/conda/lib/python3.6/site-packages/pyforms_terminal/basewidget.py - DEBUG - [             Tracking interval]: [[0, 40727]]
/opt/conda/lib/python3.6/site-packages/pyforms_terminal/basewidget.py - DEBUG - [             Number of animals]: [2.0]
/opt/conda/lib/python3.6/site-packages/pyforms_terminal/basewidget.py - DEBUG - [            Tracking intervals]: [None]
/opt/conda/lib/python3.6/site-packages/pyforms_terminal/basewidget.py - DEBUG - [                      Multiple]: [False]
/opt/conda/lib/python3.6/site-packages/pyforms_terminal/basewidget.py - DEBUG - [      Track without identities]: [False]
/opt/conda/lib/python3.6/site-packages/pyforms_terminal/basewidget.py - DEBUG - --------- END LOADING TERMINAL PARAMS ---------
/opt/conda/lib/python3.6/site-packages/pyforms_terminal/basewidget.py - DEBUG - --------- FIELDS FINAL VALUES ---------
/opt/conda/lib/python3.6/site-packages/pyforms_terminal/basewidget.py - DEBUG - [                      _session]: [20211215_0952_R_q1]
/opt/conda/lib/python3.6/site-packages/pyforms_terminal/basewidget.py - DEBUG - [                        _video]: [/hps/nobackup/birney/users/ian/MIKK_F2_tracking/split/novel_object/20211215_0952_R_q1.avi]
/opt/conda/lib/python3.6/site-packages/pyforms_terminal/basewidget.py - DEBUG - [                   _video_path]: [None]
/opt/conda/lib/python3.6/e-packages/pyforms_terminal/basewidget.py - DEBUG - [                     _applyroi]: [False]
/opt/conda/lib/python3.6/site-packages/pyforms_terminal/basewidget.py - DEBUG - [                          _roi]: [None]
/opt/conda/lib/python3.6/site-packages/pyforms_terminal/basewidget.py - DEBUG - [                        _bgsub]: [True]
/opt/conda/lib/python3.6/site-packages/pyforms_terminal/basewidget.py - DEBUG - [                     _chcksegm]: [False]
/opt/conda/lib/python3.6/site-packages/pyforms_terminal/basewidget.py - DEBUG - [                    _resreduct]: [1.0]
/opt/conda/lib/python3.6/site-packages/pyforms_terminal/basewidget.py - DEBUG - [                    _intensity]: [[0, 155]]
/opt/conda/lib/python3.6/site-packages/pyforms_terminal/basewidget.py - DEBUG - [                         _area]: [[10, 1000]]
/opt/conda/lib/python3.6/site-packages/pyforms_terminal/basewidget.py - DEBUG - [                        _range]: [[0, 39007]]
/opt/conda/lib/python3.6/site-packages/pyforms_terminal/basewidget.py - DEBUG - [                       _nblobs]: [2.0]
/opt/conda/lib/python3.6/site-packages/pyforms_terminal/basewidget.py - DEBUG - [                     _progress]: [None]
/opt/conda/lib/python3.6/site-packages/pyforms_terminal/basewidget.py - DEBUG - [                     _rangelst]: [None]
/opt/conda/lib/python3.6/site-packages/pyforms_terminal/basewidget.py - DEBUG - [               _multiple_range]: [False]
/opt/conda/lib/python3.6/site-packages/pyforms_terminal/basewidget.py - DEBUG - [                       _no_ids]: [False]
/opt/conda/lib/python3.6/site-packages/pyforms_terminal/basewidget.py - DEBUG - --------- END FIELDS FINAL VALUES ---------
__main__.video - DEBUG - Video object init
__main__.video - DEBUG - Video(open_multiple_files=False)
__main__.video - INFO - the folder /hps/nobackup/birney/users/ian/MIKK_F2_tracking/split/open_field/session_20211215_0952_R_q3 has been created
idtrackerai_app.base_idtrackerai - DEBUG - create Chosen_Video
__main__.video - DEBUG - Video object init
__main__.video - DEBUG - Video(open_multiple_files=False)
idtrackerai_app.base_idtrackerai - DEBUG - before init PreprocessingPreviewAPI
idtrackerai_app.base_idtrackerai - DEBUG - pre object: <idtrackerai.preprocessing_preview_api.PreprocessingPreviewAPI object at 0x1534d410d7b8>
idtrackerai_app.base_idtrackerai - DEBUG - call: init_preview
idtrackerai.preprocessing_preview_api - DEBUG - init_preview
idtrackerai.preprocessing_preview_api - DEBUG - init_preproc_parameters
idtrackerai.preprocessing_preview_api - DEBUG - init_segment_zero
idtrackerai_app.base_idtrackerai - DEBUG - call: init_preproc_parameters
idtrackerai.preprocessing_preview_api - DEBUG - init_preproc_parameters
idtrackerai_app.base_idtrackerai - DEBUG - call: segment
idtrackerai.preprocessing_preview_api - DEBUG - segment
idtrackerai.preprocessing_preview_api - DEBUG - segment 1
idtrackerai.preprocessing_preview_api - DEBUG - segment 2
__main__.video - INFO - saving video object in /hps/nobackup/birney/users/ian/MIKK_F2_tracking/split/open_field/session_20211215_0952_R_q3/video_object.npy
__main__.video - DEBUG - Video.save(open_multiple_files=False)
idtrackerai_app.base_idtrackerai - DEBUG - call: compute_list_of_blobs
__main__.py_utils - INFO - Setting MKL library to use single thread
__main__.segmentation - INFO - There is only one path, segmenting by frame indices
__main__.segmentation - INFO - An error occurred while reading frame number : 7
__main__.segmentation - INFO - ret: False
__main__.segmentation - INFO - frame: None
__main__.py_utils - INFO - Setting MKL library to use multiple threads
__main__.video - INFO - the folder /hps/nobackup/birney/users/ian/MIKK_F2_tracking/split/open_field/session_20211215_0952_R_q3/preprocessing has been created
idtrackerai_app.base_idtrackerai - DEBUG - call: check_segmentation_consistency
idtrackerai_app.base_idtrackerai - DEBUG - call: save_list_of_blobs_segmented
__main__.video - INFO - saving video object in /hps/nobackup/birney/users/ian/MIKK_F2_tracking/split/open_field/session_20211215_0952_R_q3/video_object.npy
__main__.video - DEBUG - Video.save(open_multiple_files=False)
idtrackerai_app.base_idtrackerai - DEBUG - call: model_area_and_crossing_detector
idtrackerai_app.base_idtrackerai - DEBUG - call: train_and_apply_crossing_detector
__main__.crossing_detector - INFO - Discriminating blobs representing individuals from blobs associated to crossings
h5py._conv - DEBUG - Creating converter from 5 to 3
__main__.video - INFO - setting path to save crossing detector model
__main__.video - INFO - the folder /hps/nobackup/birney/users/ian/MIKK_F2_tracking/split/open_field/session_20211215_0952_R_q3/crossings_detector has been created
__main__.crossing_detector - INFO - Get individual and crossing images labelled data
__main__.get_crossing_data_set - DEBUG - number of crossing blobs (in get list): 0
__main__.get_crossing_data_set - DEBUG - Not enough crossings where found
__main__.crossing_detector - DEBUG - There are not enough crossings to train the crossing detector
idtrackerai_app.base_idtrackerai - DEBUG - call: generate_list_of_fragments_and_global_fragments
__main__.list_of_blobs - INFO - number_of_individual_fragments, 2
__main__.list_of_blobs - INFO - number_of_crossing_fragments: 0
__main__.list_of_blobs - INFO - total number of fragments: 2
__main__.list_of_fragments - INFO - getting coexisting individual fragments indices
__main__.list_of_fragments - INFO - saving list of fragments at /hps/nobackup/birney/users/ian/MIKK_F2_tracking/split/open_field/session_20211215_0952_R_q3/preprocessing/fragments.npy
__main__.list_of_blobs - INFO - saving blobs list at /hps/nobackup/birney/users/ian/MIKK_F2_tracking/split/open_field/session_20211215_0952_R_q3/preprocessing/blobs_collection.npy
__main__.list_of_global_fragments - INFO - saving list of global fragments at /hps/nobackup/birney/users/ian/MIKK_F2_tracking/split/open_field/session_20211215_0952_R_q3/preprocessing/global_fragments.npy
__main__.video - INFO - saving video object in /hps/nobackup/birney/users/ian/MIKK_F2_tracking/split/open_field/session_20211215_0952_R_q3/video_object.npy
__main__.video - DEBUG - Video.save(open_multiple_files=False)
__main__.video - INFO - the folder /hps/nobackup/birney/users/ian/MIKK_F2_tracking/split/open_field/session_20211215_0952_R_q3 has been created
__main__.list_of_fragments - INFO - loading list of fragments from /hps/nobackup/birney/users/ian/MIKK_F2_tracking/split/open_field/session_20211215_0952_R_q3/preprocessing/fragments.npy
__main__.list_of_global_fragments - INFO - loading list of global fragments from /hps/nobackup/birney/users/ian/MIKK_F2_tracking/split/open_field/session_20211215_0952_R_q3/preprocessing/global_fragments.npy
__main__.video - DEBUG - Video object init
__main__.video - DEBUG - Video(open_multiple_files=False)
__main__.list_of_blobs - INFO - loading blobs list from /hps/nobackup/birney/users/ian/MIKK_F2_tracking/split/open_field/session_20211215_0952_R_q3/preprocessing/blobs_collection.npy
__main__.py_utils - DEBUG - loading old video object from get existent files
__main__.video - INFO - Updating checkpoint files
__main__.video - WARNING - No checkpoint found in crossings_detector_folder 
__main__.video - INFO - Saving video object
__main__.video - INFO - saving video object in /hps/nobackup/birney/users/ian/MIKK_F2_tracking/split/open_field/session_20211215_0952_R_q3/video_object.npy
__main__.video - DEBUG - Video.save(open_multiple_files=False)
__main__.video - INFO - Done
__main__.py_utils - INFO - old video_object loaded
__main__.py_utils - DEBUG - has_been_preprocessed
idtrackerai.tracker_api - DEBUG - ------------------------> track_single_global_fragment_video
idtrackerai.tracker_api - INFO - Saving trajectories
__main__.list_of_blobs - INFO - saving blobs list at /hps/nobackup/birney/users/ian/MIKK_F2_tracking/split/open_field/session_20211215_0952_R_q3/preprocessing/blobs_collection.npy
__main__.video - INFO - saving video object in /hps/nobackup/birney/users/ian/MIKK_F2_tracking/split/open_field/session_20211215_0952_R_q3/video_object.npy
__main__.video - DEBUG - Video.save(open_multiple_files=False)
idtrackerai_app.base_idtrackerai - INFO - Estimated accuracy: 1.0
__main__.video - INFO - Data policy: all
ers/ian/MIKK_F2_tracking/split/open_field/session_20211215_0952_R_q3/preprocessing/blobs_collection.npy
[DEBUG   ] __main__.py_utils                        loading old video object from get existent files
[INFO    ] __main__.video                           Updating checkpoint files
[WARNING ] __main__.video                           No checkpoint found in crossings_detector_folder 
[INFO    ] __main__.video                           Saving video object
[INFO    ] __main__.video                           saving video object in /hps/nobackup/birney/users/ian/MIKK_F2_tracking/split/open_field/session_20211215_0952_R_q3/video_object.npy
[DEBUG   ] __main__.video                           Video.save(open_multiple_files=False)
[INFO    ] __main__.video                           Done
[INFO    ] __main__.py_utils                        old video_object loaded
[DEBUG   ] __main__.py_utils                        has_been_preprocessed
[DEBUG   ] idtrackerai.tracker_api                  ------------------------> track_single_global_fragment_video
[INFO    ] idtrackerai.tracker_api                  Saving trajectories
[INFO    ] __main__.list_of_blobs     __main__.list_of_blobs - INFO - number_of_individual_fragments, 73
__main__.list_of_blobs - INFO - number_of_crossing_fragments: 8
__main__.list_of_blobs - INFO - total number of fragments: 81
__main__.list_of_fragments - INFO - getting coexisting individual fragments indices
__main__.list_of_fragments - INFO - saving list of fragments at /hps/nobackup/birney/users/ian/MIKK_F2_tracking/split/open_field/session_20211209_1319_R_q3/preprocessing/fragments.npy
__main__.list_of_blobs - INFO - saving blobs list at /hps/nobackup/birney/users/ian/MIKK_F2_tracking/split/open_field/session_20211209_1319_R_q3/preprocessing/blobs_collection.npy
__main__.list_of_global_fragments - INFO - saving list of global fragments at /hps/nobackup/birney/users/ian/MIKK_F2_tracking/split/open_field/session_20211209_1319_R_q3/preprocessing/global_fragments.npy
__main__.video - INFO - saving video object in /hps/nobackup/birney/users/ian/MIKK_F2_tracking/split/open_field/session_20211209_1319_R_q3/video_object.npy
__main__.video - DEBUG - Video.save(open_multiple_files=False)
__main__.video - INFO - the folder /hps/nobackup/birney/users/ian/MIKK_F2_tracking/split/open_field/session_20211209_1319_R_q3 has been created
__main__.list_of_fragments - INFO - loading list of fragments from /hps/nobackup/birney/users/ian/MIKK_F2_tracking/split/open_field/session_20211209_1319_R_q3/preprocessing/fragments.npy
__main__.list_of_global_fragments - INFO - loading list of global fragments from /hps/nobackup/birney/users/ian/MIKK_F2_tracking/split/open_field/session_20211209_1319_R_q3/preprocessing/global_fragments.npy
__main__.video - DEBUG - Video object init
__main__.video - DEBUG - Video(open_multiple_files=False)
__main__.list_of_blobs - INFO - loading blobs list from /hps/nobackup/birney/users/ian/MIKK_F2_tracking/split/open_field/session_20211209_1319_R_q3/preprocessing/blobs_collection.npy
__main__.py_utils - DEBUG - loading old video object from get existent files
__main__.video - INFO - Updating checkpoint files
__main__.video - WARNING - No checkpoint found in crossings_detector_folder 
__main__.video - INFO - Saving video object
__main__.video - INFO - saving video object in /hps/nobackup/birney/users/ian/MIKK_F2_tracking/split/open_field/session_20211209_1319_R_q3/video_object.npy
__main__.video - DEBUG - Video.save(open_multiple_files=False)
__main__.video - INFO - Done
__main__.py_utils - INFO - old video_object loaded
__main__.py_utils - DEBUG - has_been_preprocessed
idtrackerai.tracker_api - INFO - Starting protocol cascade
idtrackerai.tracker_api - DEBUG - ****** setting protocol1 time
__main__.list_of_fragments - WARNING - Reseting list_of_fragments
__main__.list_of_fragments - WARNING - Done
__main__.id_CNN - DEBUG - training model 0
__main__.id_CNN - DEBUG - plh image_width 22
__main__.id_CNN - DEBUG - plh image_height 22
__main__.id_CNN - DEBUG - model_image_width 22
__main__.id_CNN - DEBUG - model_image_height 22
__main__.id_CNN - DEBUG - Training with SGD
__main__.id_CNN - DEBUG - Optimizing the whole network
__main__.id_CNN - DEBUG - /hps/nobackup/birney/users/ian/MIKK_F2_tracking/split/open_field/session_20211209_1319_R_q3/accumulation_0/conv has been created
__main__.id_CNN - DEBUG - /hps/nobackup/birney/users/ian/MIKK_F2_tracking/split/open_field/session_20211209_1319_R_q3/accumulation_0/softmax has been created
idtrackerai.tracker_api - WARNING - ------------Calling accumulation loop
idtrackerai.tracker_api - WARNING - Calling accumulate from accumulation_loop
idtrackerai.tracker_api - INFO - ------------------------> Calling accumulate
__main__.accumulation_manager - WARNING - There are fragments acceptable for training
idtrackerai.tracker_api - INFO - --------------------> Performing accumulation
idtrackerai.tracker_api - WARNING - Starting one_shot_accumulation
__main__.accumulator - INFO - accumulation step 0
__main__.accumulation_manager - INFO - New images for training: 58594 (58594,)
__main__.accumulation_manager - INFO - Getting images for training...
__main__.accumulator - DEBUG - images: (6000, 22, 22)
__main__.accumulator - DEBUG - labels: (6000,)
__main__.trainer - INFO - Training...
__main__.id_CNN - DEBUG - Reinitializing softmax and fully connected
__main__.stop_training_criteria - INFO - The individual accuracies in validation is 1. for all the individuals, we stop the training

__main__.trainer - INFO - Accumulation step completed. Updating global fragments used for training
__main__.accumulation_manager - DEBUG - Setting used_for_training to TRUE and acceptable for training to FALSE for the global fragments already used...
__main__.accumulator - INFO - Update images and labels used for training
__main__.accumulation_manager - DEBUG - Updating used_images...
__main__.accumulation_manager - INFO - number of images used for training: 58594 58594
__main__.accumulator - INFO - Assigning identities to accumulated global fragments
__main__.accumulator - INFO - Update list of individual fragments used for training
__main__.accumulation_manager - INFO - Updating list of individual fragments used for training
__main__.accumulation_manager - INFO - number of individual fragments used for training: 2
__main__.accumulator - INFO - The 70.775958 percent of the images has been accumulated
__main__.accumulator - INFO - Get new global fragments for training
__main__.accumulator - INFO - Generate predictions on candidate global fragments
__main__.assigner - INFO - assigning identities to images...
__main__.assigner - INFO - generating data set. Images shape (24309, 22, 22, 1)
__main__.assigner - INFO - getting predictions
__main__.assigner - INFO - done
__main__.accumulator - DEBUG - Splitting predictions by fragments...
__main__.accumulation_manager - INFO - Un-stacking predictions for the CPU
__main__.accumulator - INFO - Checking eligibility criteria and generate the new list of global fragments to accumulate
__main__.accumulation_manager - DEBUG - Accumulating by global strategy
__main__.accumulator - INFO - Number of non certain global fragments: 0
__main__.accumulator - INFO - Number of randomly assigned global fragments: 0
__main__.accumulator - INFO - Number of non consistent global fragments: 0 
__main__.accumulator - INFO - Number of non unique global fragments: 0 
__main__.accumulator - INFO - Number of acceptable global fragments: 59 
__main__.accumulator - INFO - Number of non certain fragments: 0
__main__.accumulator - INFO - Number of randomly assigned fragments: 0
__main__.accumulator - INFO - Number of non consistent fragments: 0 
__main__.accumulator - INFO - Number of non unique fragments: 0 
__main__.accumulator - INFO - Number of acceptable fragments: 0 
idtrackerai.tracker_api - INFO - ------------------------> Calling accumulate
__main__.accumulation_manager - WARNING - There are fragments acceptable for training
idtrackerai.tracker_api - INFO - --------------------> Performing accumulation
idtrackerai.tracker_api - WARNING - Starting one_shot_accumulation
__main__.accumulator - INFO - accumulation step 1
__main__.accumulation_manager - INFO - New images for training: 24194 (24194,)
__main__.accumulation_manager - INFO - Old images for training: 58594 (58594,)
__main__.accumulation_manager - INFO - Getting images for training...
__main__.accumulator - DEBUG - images: (6000, 22, 22)
__main__.accumulator - DEBUG - labels: (6000,)
__main__.trainer - INFO - Training...
__main__.stop_training_criteria - INFO - The individual accuracies in validation is 1. for all the individuals, we stop the training

__main__.trainer - INFO - Accumulation step completed. Updating global fragments used for training
__main__.accumulation_manager - DEBUG - Setting used_for_training to TRUE and acceptable for training to FALSE for the global fragments already used...
__main__.accumulator - INFO - Update images and labels used for training
__main__.accumulation_manager - DEBUG - Updating used_images...
__main__.accumulation_manager - INFO - number of images used for training: 82788 82788
__main__.accumulator - INFO - Assigning identities to accumulated global fragments
__main__.accumulator - INFO - Update list of individual fragments used for training
__main__.accumulation_manager - INFO - Updating list of individual fragments used for training
__main__.accumulation_manager - INFO - number of individual fragments used for training: 10
__main__.accumulator - INFO - The 100.000000 percent of the images has been accumulated
__main__.accumulator - DEBUG - Stopping accumulation by early stopping criteria
idtrackerai.tracker_api - INFO - ------------------------> Calling accumulate
__main__.accumulation_manager - WARNING - There are no more fragments acceptable for training
__main__.accumulation_manager - WARNING - There are no more fragments acceptable for training
idtrackerai.tracker_api - INFO - Protocol 1 successful
idtrackerai.tracker_api - INFO - Saving first accumulation paramters
__main__.video - INFO - saving video object in /hps/nobackup/birney/users/ian/MIKK_F2_tracking/split/open_field/session_20211209_1319_R_q3/video_object.npy
__main__.video - DEBUG - Video.save(open_multiple_files=False)
__main__.list_of_fragments - INFO - saving list of fragments at /hps/nobackup/birney/users/ian/MIKK_F2_tracking/split/open_field/session_20211209_1319_R_q3/preprocessing/fragments.npy
__main__.list_of_global_fragments - INFO - saving list of global fragments at /hps/nobackup/birney/users/ian/MIKK_F2_tracking/split/open_field/session_202__main__.video - INFO - saving video object in /hps/nobackup/birney/users/ian/MIKK_F2_tracking/split/open_field/session_20211210_0936_R_q1/video_object.npy
__main__.video - DEBUG - Video.save(open_multiple_files=False)
__main__.list_of_blobs - INFO - saving blobs list at /hps/nobackup/birney/users/ian/MIKK_F2_tracking/split/open_field/session_20211210_0936_R_q1/preprocessing/blobs_collection_no_gaps.npy
__main__.video - INFO - saving video object in /hps/nobackup/birney/users/ian/MIKK_F2_tracking/split/open_field/session_20211210_0936_R_q1/video_object.npy
__main__.video - DEBUG - Video.save(open_multiple_files=False)
__main__.video - INFO - Creating trajectories folder...
__main__.video - INFO - the folder /hps/nobackup/birney/users/ian/MIKK_F2_tracking/split/open_field/session_20211210_0936_R_q1/trajectories_wo_gaps has been created
idtrackerai.tracker_api - INFO - Generating trajectories. The trajectories files are stored in /hps/nobackup/birney/users/ian/MIKK_F2_tracking/split/open_field/session_20211210_0936_R_q1/trajectories_wo_gaps
idtrackerai.tracker_api - INFO - Saving trajectories
__main__.identify_non_assigned_with_interpolation - DEBUG - creating copy of list_of_blobs
__main__.video - INFO - saving video object in /hps/nobackup/birney/users/ian/MIKK_F2_tracking/split/open_field/session_20211210_0936_R_q1/video_object.npy
__main__.video - DEBUG - Video.save(open_multiple_files=False)
__main__.video - INFO - saving video object in /hps/nobackup/birney/users/ian/MIKK_F2_tracking/split/f_individual_fragments 14 
__main__.list_of_fragments - INFO - number_of_individual_fragments_not_in_a_global_fragment 9
__main__.list_of_fragments - INFO - number_of_accumulable_individual_fragments 5
__main__.list_of_fragments - INFO - number_of_not_accumulable_individual_fragments 0
__main__.list_of_fragments - INFO - number_of_not_accumulated_individual_fragments 1
__main__.list_of_fragments - INFO - number_of_globally_accumulated_individual_fragments 4
__main__.list_of_fragments - INFO - number_of_partially_accumulated_individual_fragments 0
__main__.video - INFO - saving video object in /hps/nobackup/birney/users/ian/MIKK_F2_tracking/split/novel_object/session_20211215_0952_R_q1/video_object.npy
__main__.video - DEBUG - Video.save(open_multiple_files=False)
__main__.list_of_blobs - INFO - saving blobs list at /hps/nobackup/birney/users/ian/MIKK_F2_tracking/split/novel_object/session_20211215_0952_R_q1/preprocessing/blobs_collection.npy
idtrackerai.tracker_api - INFO - Saving trajectories
__main__.assign_them_all - DEBUG - ********************************
__main__.assign_them_all - DEBUG - Starting close_trajectories_gaps
__main__.video - INFO - saving video object in /hps/nobackup/birney/users/ian/MIKK_F2_tracking/split/novel_object/session_20211215_0952_R_q1/video_object.npy
__main__.video - DEBUG - Video.save(open_multiple_files=False)
__main__.list_of_blobs - INFO - saving blobs list at /hps/nobackup/birney/users/ian/MIKK_F2_tracking/split/novel_object/session_20211215_0952_R_q1/preprocessing/blobs_collection_no_gaps.npy
__main__.video - INFO - savi__main__.video - INFO - saving video object in /hps/nobackup/birney/users/ian/MIKK_F2_tracking/split/open_field/session_20211209_1319_R_q3/video_object.npy
__main__.video - DEBUG - Video.save(open_multiple_files=False)
__main__.list_of_blobs - INFO - saving blobs list at /hps/nobackup/birney/users/ian/MIKK_F2_tracking/split/open_field/session_20211209_1319_R_q3/preprocessing/blobs_collection_no_gaps.npy
__main__.video - INFO - saving video object in /hps/nobackup/birney/users/ian/MIKK_F2_tracking/split/open_field/session_20211209_1319_R_q3/video_object.npy
__main__.video - DEBUG - Video.save(open_multiple_files=False)
__main__.video - INFO - Creating trajectories folder...
__main__.video - INFO - the folder /hps/nobackup/birney/users/ian/MIKK_F2_tracking/split/open_field/session_20211209_1319_R_q3/trajectories_wo_gaps has been created
idtrackerai.tracker_api - INFO - Generating trajectories. The trajectories files are stored in /hps/nobackup/birney/users/ian/MIKK_F2_tracking/split/open_field/session_20211209_1319_R_q3/trajectories_wo_gaps
idtrackerai.tracker_api - INFO - Saving trajectories
__main__.identify_non_assigned_with_interpolation - DEBUG - creating copy of list_of_blobs
__main__.video - INFO - saving video object in /hps/nobackup/birney/users/ian/MIKK_F2_tracking/split/open_field/session_20211209_1319_R_q3/video_object.npy
__main__.video - DEBUG - Video.save(open_multiple_files=False)
__main__.video - INFO - saving video object in /hps/nobackup/birney/users/ian/MIKK_F2_tracking/split/open_field/session_20211209_1319_R_q3/video_object.npy
__main__.video - DEBUG - Video.save(open_multiple_files=False)
__main__.accumulation_manager - WARNING - There are no more fragments acceptable for training
idtrackerai_app.base_idtrackerai - INFO - Estimated accuracy: 0.9987575841646261
__main__.video - INFO - Data policy: all
       Number of generated predictions: 347
[DEBUG   ] __main__.assigner                        Predictions range: [1. 2.]
[INFO    ] __main__.assigner                        Assigning identities
[INFO    ] __main__.video                           saving video object in /hps/nobackup/birney/users/ian/MIKK_F2_tracking/split/novel_object/session_20211215_0952_R_q1/video_object.npy
[DEBUG   ] __main__.video                           Video.save(open_multiple_files=False)
[INFO    ] __main__.list_of_fragments               saving list of fragments at /hps/nobackup/birney/users/ian/MIKK_F2_tracking/split/novel_object/session_20211215_0952_R_q1/preprocessing/fragments.npy
[INFO    ] __main__.video                           saving video object in /hps/nobackup/birney/users/ian/MIKK_F2_tracking/split/novel_object/session_20211215_0952_R_q1/video_object.npy
[DEBUG   ] __main__.video                           Video.save(open_multiple_files=False)
[INFO    ] __main__.list_of_fragments               number_of_fragments 14
[INFO    ] __main__.list_of_fragments               number_of_crossing_fragments 0
[INFO    ] __main__.list_of_fragments               number_of_individual_fragments 14 
[INFO    ] __main__.list_of_fragments               number_of_individual_fragments_not_in_a_global_fragment 9
[INFO    ] __main__.list_of_fragments               number_of_accumulable_individual_fragments 5
[INFO    ] __main__.list_of_fragments               number_of_not_accumulable_individual_fragments 0
[INFO    ] __main__.list_of_fragments               number_of_not_accumulated_individual_fragments 1
[INFO    ] __main__.list_of_fragments               number_of_globally_accumulated_individual_fragments 4
[INFO    ] __main__.list_of_fragments               number_of_partially_accumulated_individual_fragments 0
[INFO    ] __main__.video                           saving video object in /hps/nobackup/birney/users/ian/MIKK_F2_tracking/split/novel_object/session_20211215_0952_R_q1/video_object.npy
[DEBUG   ] __main__.video                           Video.save(open_multiple_files=False)
[INFO    ] __main__.list_of_blobs                   saving blobs list at /hps/nobackup/birney/users/ian/MIKK_F2_tracking/split/novel_object/session_20211215_0952_R_q1/preprocessing/blobs_collection.npy
[INFO    ] idtrackerai.tracker_api                  Saving trajectories
[DEBUG   ] __main__.assign_them_all                 ********************************
[DEBUG   ] __main__.assign_them_all                 Starting close_trajectories_gaps
[INFO    ] __main__.video                           saving video object in /hps/nobackup/birney/users/ian/MIKK_F2_tracking/split/novel_object/session_20211215_0952_R_q1/video_object.npy
[DEBUG   ] __main__.video                           Vi[INFO    ] __main__.video                           saving video object in /hps/nobackup/birney/users/ian/MIKK_F2_tracking/split/open_field/session_20211209_1319_R_q3/video_object.npy
[DEBUG   ] __main__.video                           Video.save(open_multiple_files=False)
[INFO    ] __main__.list_of_blobs                   saving blobs list at /hps/nobackup/birney/users/ian/MIKK_F2_tracking/split/open_field/session_20211209_1319_R_q3/preprocessing/blobs_collection_no_gaps.npy
[INFO    ] __main__.video                           saving video object in /hps/nobackup/birney/users/ian/MIKK_F2_tracking/split/open_field/session_20211209_1319_R_q3/video_object.npy
[DEBUG   ] __main__.video                           Video.save(open_multiple_files=False)
[INFO    ] __main__.video                           Creating trajectories folder...
[INFO    ] __main__.video                           the folder /hps/nobackup/birney/users/ian/MIKK_F2_tracking/split/open_field/session_20211209_1319_R_q3/trajectories_wo_gaps has been created
[INFO    ] idtrackerai.tracker_api                  Generating trajectories. The trajectories files are stored in /hps/nobackup/birney/users/ian/MIKK_F2_tracking/split/open_field/session_20211209_1319_R_q3/trajectories_wo_gaps
[INFO    ] idtrackerai.tracker_api                  Saving trajectories
[DEBUG   ] __main__.identify_non_assigned_with_interpolation creating copy of list_of_blobs
[INFO    ] __main__.video                           saving video object in /hps/nobackup/birney/users/ian/MIKK_F2_tracking/split/open_field/session_20211209_1319_R_q3/video_object.npy
[DEBUG   ] __main__.video                           Video.save(open_multiple_files=False)
[INFO    ] __main__.video                           saving video object in /hps/nobackup/birney/users/ian/MIKK_F2_tracking/split/open_field/session_20211209_1319_R_q3/video_object.npy
[DEBUG   ] __main__.video                           Video.save(open_multiple_files=False)
[WARNING ] __main__.accumulation_manager            There are no more fragments acceptable for training
[INFO    ] idtrackerai_app.base_idtrackerai         Estimated accuracy: 0.9987575841646261
[INFO    ] __main__.video                           Data policy: all
